d:\documents\testapp\libnmath\tankgame\tankgame\debug\vc120.pdb
d:\documents\testapp\libnmath\tankgame\tankgame\debug\vc120.idb
d:\documents\testapp\libnmath\tankgame\tankgame\debug\battleobject.obj
d:\documents\testapp\libnmath\tankgame\tankgame\debug\gamecontroller.obj
d:\documents\testapp\libnmath\tankgame\tankgame\debug\gamemodel.obj
d:\documents\testapp\libnmath\tankgame\tankgame\debug\gameview.obj
d:\documents\testapp\libnmath\tankgame\tankgame\debug\tankgame.obj
d:\documents\testapp\libnmath\tankgame\tankgame\debug\glew.obj
d:\documents\testapp\libnmath\tankgame\debug\tankgame.ilk
d:\documents\testapp\libnmath\tankgame\debug\tankgame.exe
d:\documents\testapp\libnmath\tankgame\debug\tankgame.pdb
d:\documents\testapp\libnmath\tankgame\debug\tankgame.lib
d:\documents\testapp\libnmath\tankgame\debug\tankgame.exp
d:\documents\testapp\libnmath\tankgame\tankgame\debug\tankgame.tlog\cl.command.1.tlog
d:\documents\testapp\libnmath\tankgame\tankgame\debug\tankgame.tlog\cl.read.1.tlog
d:\documents\testapp\libnmath\tankgame\tankgame\debug\tankgame.tlog\cl.write.1.tlog
d:\documents\testapp\libnmath\tankgame\tankgame\debug\tankgame.tlog\link.command.1.tlog
d:\documents\testapp\libnmath\tankgame\tankgame\debug\tankgame.tlog\link.read.1.tlog
d:\documents\testapp\libnmath\tankgame\tankgame\debug\tankgame.tlog\link.write.1.tlog
d:\documents\testapp\libnmath\tankgame\tankgame\debug\tankgame.tlog\tankgame.write.1u.tlog
