D:\PROJECTS\LIBNMATH\FUNCTIONPLOTTER\DEBUG\FUNCTIONPLOTTER.EXE
D:\PROJECTS\LIBNMATH\FUNCTIONPLOTTER\DEBUG\FUNCTIONPLOTTER.ILK
D:\PROJECTS\LIBNMATH\FUNCTIONPLOTTER\DEBUG\FUNCTIONPLOTTER.PDB
D:\projects\libnmath\FunctionPlotter\FunctionPlotter\Debug\cl.command.1.tlog
D:\projects\libnmath\FunctionPlotter\FunctionPlotter\Debug\CL.read.1.tlog
D:\projects\libnmath\FunctionPlotter\FunctionPlotter\Debug\CL.write.1.tlog
D:\PROJECTS\LIBNMATH\FUNCTIONPLOTTER\FUNCTIONPLOTTER\DEBUG\CONSOLEPANECONTROLLER.OBJ
D:\PROJECTS\LIBNMATH\FUNCTIONPLOTTER\FUNCTIONPLOTTER\DEBUG\CONSOLEVIEW.OBJ
D:\PROJECTS\LIBNMATH\FUNCTIONPLOTTER\FUNCTIONPLOTTER\DEBUG\CONTROLLER.OBJ
D:\PROJECTS\LIBNMATH\FUNCTIONPLOTTER\FUNCTIONPLOTTER\DEBUG\CONTROLLERMAIN.OBJ
D:\PROJECTS\LIBNMATH\FUNCTIONPLOTTER\FUNCTIONPLOTTER\DEBUG\DIALOGWINDOW.OBJ
D:\PROJECTS\LIBNMATH\FUNCTIONPLOTTER\FUNCTIONPLOTTER\DEBUG\FPLOTTER.OBJ
D:\PROJECTS\LIBNMATH\FUNCTIONPLOTTER\FUNCTIONPLOTTER\DEBUG\FUNCTIONMODEL.OBJ
D:\PROJECTS\LIBNMATH\FUNCTIONPLOTTER\FUNCTIONPLOTTER\DEBUG\FUNCTIONPLOTTER.EXE.EMBED.MANIFEST
D:\PROJECTS\LIBNMATH\FUNCTIONPLOTTER\FUNCTIONPLOTTER\DEBUG\FUNCTIONPLOTTER.EXE.EMBED.MANIFEST.RES
D:\PROJECTS\LIBNMATH\FUNCTIONPLOTTER\FUNCTIONPLOTTER\DEBUG\FUNCTIONPLOTTER.EXE.INTERMEDIATE.MANIFEST
D:\projects\libnmath\FunctionPlotter\FunctionPlotter\Debug\FunctionPlotter.write.1.tlog
D:\projects\libnmath\FunctionPlotter\FunctionPlotter\Debug\FunctionPlotter_manifest.rc
D:\PROJECTS\LIBNMATH\FUNCTIONPLOTTER\FUNCTIONPLOTTER\DEBUG\GLCONTROLLER.OBJ
D:\projects\libnmath\FunctionPlotter\FunctionPlotter\Debug\link.command.1.tlog
D:\projects\libnmath\FunctionPlotter\FunctionPlotter\Debug\link.read.1.tlog
D:\projects\libnmath\FunctionPlotter\FunctionPlotter\Debug\link.write.1.tlog
D:\projects\libnmath\FunctionPlotter\FunctionPlotter\Debug\link-cvtres.read.1.tlog
D:\projects\libnmath\FunctionPlotter\FunctionPlotter\Debug\link-cvtres.write.1.tlog
D:\PROJECTS\LIBNMATH\FUNCTIONPLOTTER\FUNCTIONPLOTTER\DEBUG\MODELGL.OBJ
D:\projects\libnmath\FunctionPlotter\FunctionPlotter\Debug\mt.command.1.tlog
D:\projects\libnmath\FunctionPlotter\FunctionPlotter\Debug\mt.read.1.tlog
D:\projects\libnmath\FunctionPlotter\FunctionPlotter\Debug\mt.write.1.tlog
D:\PROJECTS\LIBNMATH\FUNCTIONPLOTTER\FUNCTIONPLOTTER\DEBUG\PLOTTER.OBJ
D:\PROJECTS\LIBNMATH\FUNCTIONPLOTTER\FUNCTIONPLOTTER\DEBUG\PLOTTER.RES
D:\PROJECTS\LIBNMATH\FUNCTIONPLOTTER\FUNCTIONPLOTTER\DEBUG\PROCEDURE.OBJ
D:\projects\libnmath\FunctionPlotter\FunctionPlotter\Debug\rc.command.1.tlog
D:\projects\libnmath\FunctionPlotter\FunctionPlotter\Debug\rc.read.1.tlog
D:\projects\libnmath\FunctionPlotter\FunctionPlotter\Debug\rc.write.1.tlog
D:\PROJECTS\LIBNMATH\FUNCTIONPLOTTER\FUNCTIONPLOTTER\DEBUG\UTILITY.OBJ
D:\projects\libnmath\FunctionPlotter\FunctionPlotter\Debug\vc100.idb
D:\PROJECTS\LIBNMATH\FUNCTIONPLOTTER\FUNCTIONPLOTTER\DEBUG\VC100.PDB
D:\PROJECTS\LIBNMATH\FUNCTIONPLOTTER\FUNCTIONPLOTTER\DEBUG\VIEWGL.OBJ
D:\PROJECTS\LIBNMATH\FUNCTIONPLOTTER\FUNCTIONPLOTTER\DEBUG\WINDOW.OBJ
